<?xml version="1.0" encoding="UTF-8"?>
<!-- Generated by org.testng.reporters.JUnitReportReporter -->
<testsuite hostname="BVIMUMLAP-157" failures="0" tests="1" name="testcase2" time="2.398" errors="0" timestamp="2024-03-07T23:12:38 IST" skipped="0">
  <testcase classname="testcase2" name="testExample" time="2.398"/>
  <system-out/>
</testsuite> <!-- testcase2 -->
